#-----------------------------------------------------------
# Vivado v2023.1 (64-bit)
# SW Build 3865809 on Sun May  7 15:05:29 MDT 2023
# IP Build 3864474 on Sun May  7 20:36:21 MDT 2023
# SharedData Build 3865790 on Sun May 07 13:33:03 MDT 2023
# Start of session at: Sat Mar 22 17:00:56 2025
# Process ID: 2780
# Current directory: D:/ICIC 2025 Unisoc-3/Xilinx ZYNQ7020 ML-KEM/Project
# Command line: vivado.exe -gui_launcher_event rodinguilauncherevent25944 D:\ICIC 2025 Unisoc-3\Xilinx ZYNQ7020 ML-KEM\Project\Xilinx ZYNQ7020 ML-KEM.xpr
# Log file: D:/ICIC 2025 Unisoc-3/Xilinx ZYNQ7020 ML-KEM/Project/vivado.log
# Journal file: D:/ICIC 2025 Unisoc-3/Xilinx ZYNQ7020 ML-KEM/Project\vivado.jou
# Running On: Devin, OS: Windows, CPU Frequency: 2419 MHz, CPU Physical cores: 24, Host memory: 34053 MB
#-----------------------------------------------------------
start_gui
open_project {D:/ICIC 2025 Unisoc-3/Xilinx ZYNQ7020 ML-KEM/Project/Xilinx ZYNQ7020 ML-KEM.xpr}
WARNING: [Board 49-26] cannot add Board Part xilinx.com:vek280_es:part0:1.0 available at C:/Xilinx/Vivado/2023.1/data/xhub/boards/XilinxBoardStore/boards/Xilinx/vek280/es/rev_a/1.0/board.xml as part xcve2802-vsvh1760-2lp-e-s-es1 specified in board_part file is either invalid or not available
WARNING: [Board 49-26] cannot add Board Part xilinx.com:vek280_es:part0:1.1 available at C:/Xilinx/Vivado/2023.1/data/xhub/boards/XilinxBoardStore/boards/Xilinx/vek280/es/rev_a/1.1/board.xml as part xcve2802-vsvh1760-2lp-e-s-es1 specified in board_part file is either invalid or not available
WARNING: [Board 49-26] cannot add Board Part xilinx.com:vek280_es_revb:part0:1.0 available at C:/Xilinx/Vivado/2023.1/data/xhub/boards/XilinxBoardStore/boards/Xilinx/vek280/es/rev_b/1.0/board.xml as part xcve2802-vsvh1760-2mp-e-s-es1 specified in board_part file is either invalid or not available
WARNING: [Board 49-26] cannot add Board Part xilinx.com:vek280_es_revb:part0:1.1 available at C:/Xilinx/Vivado/2023.1/data/xhub/boards/XilinxBoardStore/boards/Xilinx/vek280/es/rev_b/1.1/board.xml as part xcve2802-vsvh1760-2mp-e-s-es1 specified in board_part file is either invalid or not available
WARNING: [Board 49-26] cannot add Board Part xilinx.com:vhk158_es:part0:1.0 available at C:/Xilinx/Vivado/2023.1/data/xhub/boards/XilinxBoardStore/boards/Xilinx/vhk158/es/1.0/board.xml as part xcvh1582-vsva3697-2mp-e-s-es1 specified in board_part file is either invalid or not available
WARNING: [Board 49-26] cannot add Board Part xilinx.com:vhk158_es:part0:1.1 available at C:/Xilinx/Vivado/2023.1/data/xhub/boards/XilinxBoardStore/boards/Xilinx/vhk158/es/1.1/board.xml as part xcvh1582-vsva3697-2mp-e-s-es1 specified in board_part file is either invalid or not available
WARNING: [Board 49-26] cannot add Board Part xilinx.com:vpk120_es:part0:1.2 available at C:/Xilinx/Vivado/2023.1/data/xhub/boards/XilinxBoardStore/boards/Xilinx/vpk120/es/1.2/board.xml as part xcvp1202-vsva2785-2mp-e-s-es1 specified in board_part file is either invalid or not available
WARNING: [Board 49-26] cannot add Board Part xilinx.com:vpk120_es:part0:1.3 available at C:/Xilinx/Vivado/2023.1/data/xhub/boards/XilinxBoardStore/boards/Xilinx/vpk120/es/1.3/board.xml as part xcvp1202-vsva2785-2mp-e-s-es1 specified in board_part file is either invalid or not available
WARNING: [Board 49-26] cannot add Board Part xilinx.com:vpk120_es_revb:part0:1.0 available at C:/Xilinx/Vivado/2023.1/data/xhub/boards/XilinxBoardStore/boards/Xilinx/vpk120_revb/es/1.0/board.xml as part xcvp1202-vsva2785-2mp-e-s-es1 specified in board_part file is either invalid or not available
WARNING: [Board 49-26] cannot add Board Part xilinx.com:vpk120_es_revb:part0:1.1 available at C:/Xilinx/Vivado/2023.1/data/xhub/boards/XilinxBoardStore/boards/Xilinx/vpk120_revb/es/1.1/board.xml as part xcvp1202-vsva2785-2mp-e-s-es1 specified in board_part file is either invalid or not available
WARNING: [Board 49-26] cannot add Board Part xilinx.com:vpk180_es:part0:1.0 available at C:/Xilinx/Vivado/2023.1/data/xhub/boards/XilinxBoardStore/boards/Xilinx/vpk180/es/1.0/board.xml as part xcvp1802-lsvc4072-2mp-e-s-es1 specified in board_part file is either invalid or not available
WARNING: [Board 49-26] cannot add Board Part xilinx.com:vpk180_es:part0:1.1 available at C:/Xilinx/Vivado/2023.1/data/xhub/boards/XilinxBoardStore/boards/Xilinx/vpk180/es/1.1/board.xml as part xcvp1802-lsvc4072-2mp-e-s-es1 specified in board_part file is either invalid or not available
WARNING: [Board 49-26] cannot add Board Part xilinx.com:zcu208ld:part0:2.0 available at C:/Xilinx/Vivado/2023.1/data/xhub/boards/XilinxBoardStore/boards/Xilinx/zcu208ld/production/2.0/board.xml as part xczu58dr-fsvg1517-2-i specified in board_part file is either invalid or not available
WARNING: [Board 49-26] cannot add Board Part xilinx.com:zcu216ld:part0:2.0 available at C:/Xilinx/Vivado/2023.1/data/xhub/boards/XilinxBoardStore/boards/Xilinx/zcu216ld/production/2.0/board.xml as part xczu59dr-ffvf1760-2-i specified in board_part file is either invalid or not available
WARNING: [Board 49-26] cannot add Board Part xilinx.com:zcu670:part0:2.0 available at C:/Xilinx/Vivado/2023.1/data/xhub/boards/XilinxBoardStore/boards/Xilinx/zcu670/2.0/board.xml as part xczu67dr-fsve1156-2-i specified in board_part file is either invalid or not available
WARNING: [Board 49-26] cannot add Board Part xilinx.com:zcu670ld:part0:1.0 available at C:/Xilinx/Vivado/2023.1/data/xhub/boards/XilinxBoardStore/boards/Xilinx/zcu670ld/1.0/board.xml as part xczu57dr-fsve1156-2-i specified in board_part file is either invalid or not available
INFO: [filemgmt 56-3] Default IP Output Path : Could not find the directory 'D:/ICIC 2025 Unisoc-3/Xilinx ZYNQ7020 ML-KEM/Project/Xilinx ZYNQ7020 ML-KEM.gen/sources_1'.
Scanning sources...
Finished scanning sources
INFO: [IP_Flow 19-234] Refreshing IP repositories
INFO: [IP_Flow 19-1704] No user IP repositories specified
INFO: [IP_Flow 19-2313] Loaded Vivado IP repository 'C:/Xilinx/Vivado/2023.1/data/ip'.
open_project: Time (s): cpu = 00:00:19 ; elapsed = 00:00:11 . Memory (MB): peak = 2934.254 ; gain = 286.914
exit
INFO: [Common 17-206] Exiting Vivado at Sat Mar 22 17:02:25 2025...
YNQ7020 ML-KEM.srcs/sources_1/new
file mkdir D:/ICIC 2025 Unisoc-3/Xilinx ZYNQ7020 ML-KEM/Project/Xilinx ZYNQ7020 ML-KEM.srcs/sources_1/new
file mkdir D:/ICIC 2025 Unisoc-3/Xilinx ZYNQ7020 ML-KEM/Project/Xilinx ZYNQ7020 ML-KEM.srcs/sources_1/new
file mkdir D:/ICIC 2025 Unisoc-3/Xilinx ZYNQ7020 ML-KEM/Project/Xilinx ZYNQ7020 ML-KEM.srcs/sources_1/new
file mkdir D:/ICIC 2025 Unisoc-3/Xilinx ZYNQ7020 ML-KEM/Project/Xilinx ZYNQ7020 ML-KEM.srcs/sources_1/new
file mkdir D:/ICIC 2025 Unisoc-3/Xilinx ZYNQ7020 ML-KEM/Project/Xilinx ZYNQ7020 ML-KEM.srcs/sources_1/new
file mkdir {D:/ICIC 2025 Unisoc-3/Xilinx ZYNQ7020 ML-KEM/Project/Xilinx ZYNQ7020 ML-KEM.srcs/sources_1/new}
close [ open {D:/ICIC 2025 Unisoc-3/Xilinx ZYNQ7020 ML-KEM/Project/Xilinx ZYNQ7020 ML-KEM.srcs/sources_1/new/Alg3_BitsToBytes.v} w ]
add_files {{D:/ICIC 2025 Unisoc-3/Xilinx ZYNQ7020 ML-KEM/Project/Xilinx ZYNQ7020 ML-KEM.srcs/sources_1/new/Alg3_BitsToBytes.v}}
close [ open {D:/ICIC 2025 Unisoc-3/Xilinx ZYNQ7020 ML-KEM/Project/Xilinx ZYNQ7020 ML-KEM.srcs/sources_1/new/Alg5_ByteEncode.v} w ]
add_files {{D:/ICIC 2025 Unisoc-3/Xilinx ZYNQ7020 ML-KEM/Project/Xilinx ZYNQ7020 ML-KEM.srcs/sources_1/new/Alg5_ByteEncode.v}}
close [ open {D:/ICIC 2025 Unisoc-3/Xilinx ZYNQ7020 ML-KEM/Project/Xilinx ZYNQ7020 ML-KEM.srcs/sources_1/new/Alg19_ML_KEM_KeyGen.v} w ]
add_files {{D:/ICIC 2025 Unisoc-3/Xilinx ZYNQ7020 ML-KEM/Project/Xilinx ZYNQ7020 ML-KEM.srcs/sources_1/new/Alg19_ML_KEM_KeyGen.v}}
close [ open {D:/ICIC 2025 Unisoc-3/Xilinx ZYNQ7020 ML-KEM/Project/Xilinx ZYNQ7020 ML-KEM.srcs/sources_1/new/Alg8_SamplePolyCBD.v} w ]
add_files {{D:/ICIC 2025 Unisoc-3/Xilinx ZYNQ7020 ML-KEM/Project/Xilinx ZYNQ7020 ML-KEM.srcs/sources_1/new/Alg8_SamplePolyCBD.v}}
close [ open {D:/ICIC 2025 Unisoc-3/Xilinx ZYNQ7020 ML-KEM/Project/Xilinx ZYNQ7020 ML-KEM.srcs/sources_1/new/Alg15_K_PKE_Decrypt.v} w ]
add_files {{D:/ICIC 2025 Unisoc-3/Xilinx ZYNQ7020 ML-KEM/Project/Xilinx ZYNQ7020 ML-KEM.srcs/sources_1/new/Alg15_K_PKE_Decrypt.v}}
close [ open {D:/ICIC 2025 Unisoc-3/Xilinx ZYNQ7020 ML-KEM/Project/Xilinx ZYNQ7020 ML-KEM.srcs/sources_1/new/Alg11_MultiplyNTTs.v} w ]
add_files {{D:/ICIC 2025 Unisoc-3/Xilinx ZYNQ7020 ML-KEM/Project/Xilinx ZYNQ7020 ML-KEM.srcs/sources_1/new/Alg11_MultiplyNTTs.v}}
close [ open {D:/ICIC 2025 Unisoc-3/Xilinx ZYNQ7020 ML-KEM/Project/Xilinx ZYNQ7020 ML-KEM.srcs/sources_1/new/Alg12_BaseCaseMultiply.v} w ]
add_files {{D:/ICIC 2025 Unisoc-3/Xilinx ZYNQ7020 ML-KEM/Project/Xilinx ZYNQ7020 ML-KEM.srcs/sources_1/new/Alg12_BaseCaseMultiply.v}}
close [ open {D:/ICIC 2025 Unisoc-3/Xilinx ZYNQ7020 ML-KEM/Project/Xilinx ZYNQ7020 ML-KEM.srcs/sources_1/new/Alg7_SampleNTT.v} w ]
add_files {{D:/ICIC 2025 Unisoc-3/Xilinx ZYNQ7020 ML-KEM/Project/Xilinx ZYNQ7020 ML-KEM.srcs/sources_1/new/Alg7_SampleNTT.v}}
close [ open {D:/ICIC 2025 Unisoc-3/Xilinx ZYNQ7020 ML-KEM/Project/Xilinx ZYNQ7020 ML-KEM.srcs/sources_1/new/Alg20_ML_KEM_Encaps.v} w ]
add_files {{D:/ICIC 2025 Unisoc-3/Xilinx ZYNQ7020 ML-KEM/Project/Xilinx ZYNQ7020 ML-KEM.srcs/sources_1/new/Alg20_ML_KEM_Encaps.v}}
close [ open {D:/ICIC 2025 Unisoc-3/Xilinx ZYNQ7020 ML-KEM/Project/Xilinx ZYNQ7020 ML-KEM.srcs/sources_1/new/Alg4_BytesToBits.v} w ]
add_files {{D:/ICIC 2025 Unisoc-3/Xilinx ZYNQ7020 ML-KEM/Project/Xilinx ZYNQ7020 ML-KEM.srcs/sources_1/new/Alg4_BytesToBits.v}}
close [ open {D:/ICIC 2025 Unisoc-3/Xilinx ZYNQ7020 ML-KEM/Project/Xilinx ZYNQ7020 ML-KEM.srcs/sources_1/new/Alg21_ML_KEM_Decaps.v} w ]
add_files {{D:/ICIC 2025 Unisoc-3/Xilinx ZYNQ7020 ML-KEM/Project/Xilinx ZYNQ7020 ML-KEM.srcs/sources_1/new/Alg21_ML_KEM_Decaps.v}}
close [ open {D:/ICIC 2025 Unisoc-3/Xilinx ZYNQ7020 ML-KEM/Project/Xilinx ZYNQ7020 ML-KEM.srcs/sources_1/new/Alg18_ML_KEM_Decaps_internal.v} w ]
add_files {{D:/ICIC 2025 Unisoc-3/Xilinx ZYNQ7020 ML-KEM/Project/Xilinx ZYNQ7020 ML-KEM.srcs/sources_1/new/Alg18_ML_KEM_Decaps_internal.v}}
close [ open {D:/ICIC 2025 Unisoc-3/Xilinx ZYNQ7020 ML-KEM/Project/Xilinx ZYNQ7020 ML-KEM.srcs/sources_1/new/Alg14_K_PKE_Encrypt.v} w ]
add_files {{D:/ICIC 2025 Unisoc-3/Xilinx ZYNQ7020 ML-KEM/Project/Xilinx ZYNQ7020 ML-KEM.srcs/sources_1/new/Alg14_K_PKE_Encrypt.v}}
close [ open {D:/ICIC 2025 Unisoc-3/Xilinx ZYNQ7020 ML-KEM/Project/Xilinx ZYNQ7020 ML-KEM.srcs/sources_1/new/Alg9_NTT.v} w ]
add_files {{D:/ICIC 2025 Unisoc-3/Xilinx ZYNQ7020 ML-KEM/Project/Xilinx ZYNQ7020 ML-KEM.srcs/sources_1/new/Alg9_NTT.v}}
close [ open {D:/ICIC 2025 Unisoc-3/Xilinx ZYNQ7020 ML-KEM/Project/Xilinx ZYNQ7020 ML-KEM.srcs/sources_1/new/Alg1_ForExample.v} w ]
add_files {{D:/ICIC 2025 Unisoc-3/Xilinx ZYNQ7020 ML-KEM/Project/Xilinx ZYNQ7020 ML-KEM.srcs/sources_1/new/Alg1_ForExample.v}}
close [ open {D:/ICIC 2025 Unisoc-3/Xilinx ZYNQ7020 ML-KEM/Project/Xilinx ZYNQ7020 ML-KEM.srcs/sources_1/new/Alg16_ML_KEM_KeyGen_internal.v} w ]
add_files {{D:/ICIC 2025 Unisoc-3/Xilinx ZYNQ7020 ML-KEM/Project/Xilinx ZYNQ7020 ML-KEM.srcs/sources_1/new/Alg16_ML_KEM_KeyGen_internal.v}}
close [ open {D:/ICIC 2025 Unisoc-3/Xilinx ZYNQ7020 ML-KEM/Project/Xilinx ZYNQ7020 ML-KEM.srcs/sources_1/new/Alg10_InvNTT.v} w ]
add_files {{D:/ICIC 2025 Unisoc-3/Xilinx ZYNQ7020 ML-KEM/Project/Xilinx ZYNQ7020 ML-KEM.srcs/sources_1/new/Alg10_InvNTT.v}}
close [ open {D:/ICIC 2025 Unisoc-3/Xilinx ZYNQ7020 ML-KEM/Project/Xilinx ZYNQ7020 ML-KEM.srcs/sources_1/new/Alg17_ML_KEM_Encaps_internal.v} w ]
add_files {{D:/ICIC 2025 Unisoc-3/Xilinx ZYNQ7020 ML-KEM/Project/Xilinx ZYNQ7020 ML-KEM.srcs/sources_1/new/Alg17_ML_KEM_Encaps_internal.v}}
close [ open {D:/ICIC 2025 Unisoc-3/Xilinx ZYNQ7020 ML-KEM/Project/Xilinx ZYNQ7020 ML-KEM.srcs/sources_1/new/Alg6_ByteDecode.v} w ]
add_files {{D:/ICIC 2025 Unisoc-3/Xilinx ZYNQ7020 ML-KEM/Project/Xilinx ZYNQ7020 ML-KEM.srcs/sources_1/new/Alg6_ByteDecode.v}}
close [ open {D:/ICIC 2025 Unisoc-3/Xilinx ZYNQ7020 ML-KEM/Project/Xilinx ZYNQ7020 ML-KEM.srcs/sources_1/new/Alg13_K_PKE_KeyGen.v} w ]
add_files {{D:/ICIC 2025 Unisoc-3/Xilinx ZYNQ7020 ML-KEM/Project/Xilinx ZYNQ7020 ML-KEM.srcs/sources_1/new/Alg13_K_PKE_KeyGen.v}}
close [ open {D:/ICIC 2025 Unisoc-3/Xilinx ZYNQ7020 ML-KEM/Project/Xilinx ZYNQ7020 ML-KEM.srcs/sources_1/new/Alg2_SHAKE123example.v} w ]
add_files {{D:/ICIC 2025 Unisoc-3/Xilinx ZYNQ7020 ML-KEM/Project/Xilinx ZYNQ7020 ML-KEM.srcs/sources_1/new/Alg2_SHAKE123example.v}}
export_ip_user_files -of_objects  [get_files {{D:/ICIC 2025 Unisoc-3/Xilinx ZYNQ7020 ML-KEM/Source/Alg9_NTT.v}}] -no_script -reset -force -quiet
export_ip_user_files -of_objects  [get_files {{D:/ICIC 2025 Unisoc-3/Xilinx ZYNQ7020 ML-KEM/Source/Alg8_SamplePolyCBD.v}}] -no_script -reset -force -quiet
export_ip_user_files -of_objects  [get_files {{D:/ICIC 2025 Unisoc-3/Xilinx ZYNQ7020 ML-KEM/Source/Alg7_SampleNTT.v}}] -no_script -reset -force -quiet
export_ip_user_files -of_objects  [get_files {{D:/ICIC 2025 Unisoc-3/Xilinx ZYNQ7020 ML-KEM/Source/Alg6_ByteDecode.v}}] -no_script -reset -force -quiet
export_ip_user_files -of_objects  [get_files {{D:/ICIC 2025 Unisoc-3/Xilinx ZYNQ7020 ML-KEM/Source/Alg5_ByteEncode.v}}] -no_script -reset -force -quiet
export_ip_user_files -of_objects  [get_files {{D:/ICIC 2025 Unisoc-3/Xilinx ZYNQ7020 ML-KEM/Source/Alg4_BytesToBits.v}}] -no_script -reset -force -quiet
export_ip_user_files -of_objects  [get_files {{D:/ICIC 2025 Unisoc-3/Xilinx ZYNQ7020 ML-KEM/Source/Alg2_SHAKE123example.v}}] -no_script -reset -force -quiet
export_ip_user_files -of_objects  [get_files {{D:/ICIC 2025 Unisoc-3/Xilinx ZYNQ7020 ML-KEM/Source/Alg21_ML_KEM_Decaps.v}}] -no_script -reset -force -quiet
export_ip_user_files -of_objects  [get_files {{D:/ICIC 2025 Unisoc-3/Xilinx ZYNQ7020 ML-KEM/Source/Alg20_ML_KEM_Encaps.v}}] -no_script -reset -force -quiet
export_ip_user_files -of_objects  [get_files {{D:/ICIC 2025 Unisoc-3/Xilinx ZYNQ7020 ML-KEM/Source/Alg1_ForExample.v}}] -no_script -reset -force -quiet
export_ip_user_files -of_objects  [get_files {{D:/ICIC 2025 Unisoc-3/Xilinx ZYNQ7020 ML-KEM/Source/Alg19_ML_KEM_KeyGen.v}}] -no_script -reset -force -quiet
export_ip_user_files -of_objects  [get_files {{D:/ICIC 2025 Unisoc-3/Xilinx ZYNQ7020 ML-KEM/Source/Alg18_ML_KEM_Decaps_internal.v}}] -no_script -reset -force -quiet
export_ip_user_files -of_objects  [get_files {{D:/ICIC 2025 Unisoc-3/Xilinx ZYNQ7020 ML-KEM/Source/Alg17_ML_KEM_Encaps_internal.v}}] -no_script -reset -force -quiet
export_ip_user_files -of_objects  [get_files {{D:/ICIC 2025 Unisoc-3/Xilinx ZYNQ7020 ML-KEM/Source/Alg16_ML_KEM_KeyGen_internal.v}}] -no_script -reset -force -quiet
export_ip_user_files -of_objects  [get_files {{D:/ICIC 2025 Unisoc-3/Xilinx ZYNQ7020 ML-KEM/Source/Alg15_K_PKE_Decrypt.v}}] -no_script -reset -force -quiet
export_ip_user_files -of_objects  [get_files {{D:/ICIC 2025 Unisoc-3/Xilinx ZYNQ7020 ML-KEM/Source/Alg14_K_PKE_Encrypt.v}}] -no_script -reset -force -quiet
export_ip_user_files -of_objects  [get_files {{D:/ICIC 2025 Unisoc-3/Xilinx ZYNQ7020 ML-KEM/Source/Alg13_K_PKE_KeyGen.v}}] -no_script -reset -force -quiet
export_ip_user_files -of_objects  [get_files {{D:/ICIC 2025 Unisoc-3/Xilinx ZYNQ7020 ML-KEM/Source/Alg12_BaseCaseMultiply.v}}] -no_script -reset -force -quiet
export_ip_user_files -of_objects  [get_files {{D:/ICIC 2025 Unisoc-3/Xilinx ZYNQ7020 ML-KEM/Source/Alg11_MultiplyNTTs.v}}] -no_script -reset -force -quiet
export_ip_user_files -of_objects  [get_files {{D:/ICIC 2025 Unisoc-3/Xilinx ZYNQ7020 ML-KEM/Source/Alg10_InvNTT.v}}] -no_script -reset -force -quiet
remove_files  {{D:/ICIC 2025 Unisoc-3/Xilinx ZYNQ7020 ML-KEM/Source/Alg9_NTT.v} {D:/ICIC 2025 Unisoc-3/Xilinx ZYNQ7020 ML-KEM/Source/Alg8_SamplePolyCBD.v} {D:/ICIC 2025 Unisoc-3/Xilinx ZYNQ7020 ML-KEM/Source/Alg7_SampleNTT.v} {D:/ICIC 2025 Unisoc-3/Xilinx ZYNQ7020 ML-KEM/Source/Alg6_ByteDecode.v} {D:/ICIC 2025 Unisoc-3/Xilinx ZYNQ7020 ML-KEM/Source/Alg5_ByteEncode.v} {D:/ICIC 2025 Unisoc-3/Xilinx ZYNQ7020 ML-KEM/Source/Alg4_BytesToBits.v} {D:/ICIC 2025 Unisoc-3/Xilinx ZYNQ7020 ML-KEM/Source/Alg2_SHAKE123example.v} {D:/ICIC 2025 Unisoc-3/Xilinx ZYNQ7020 ML-KEM/Source/Alg21_ML_KEM_Decaps.v} {D:/ICIC 2025 Unisoc-3/Xilinx ZYNQ7020 ML-KEM/Source/Alg20_ML_KEM_Encaps.v} {D:/ICIC 2025 Unisoc-3/Xilinx ZYNQ7020 ML-KEM/Source/Alg1_ForExample.v} {D:/ICIC 2025 Unisoc-3/Xilinx ZYNQ7020 ML-KEM/Source/Alg19_ML_KEM_KeyGen.v} {D:/ICIC 2025 Unisoc-3/Xilinx ZYNQ7020 ML-KEM/Source/Alg18_ML_KEM_Decaps_internal.v} {D:/ICIC 2025 Unisoc-3/Xilinx ZYNQ7020 ML-KEM/Source/Alg17_ML_KEM_Encaps_internal.v} {D:/ICIC 2025 Unisoc-3/Xilinx ZYNQ7020 ML-KEM/Source/Alg16_ML_KEM_KeyGen_internal.v} {D:/ICIC 2025 Unisoc-3/Xilinx ZYNQ7020 ML-KEM/Source/Alg15_K_PKE_Decrypt.v} {D:/ICIC 2025 Unisoc-3/Xilinx ZYNQ7020 ML-KEM/Source/Alg14_K_PKE_Encrypt.v} {D:/ICIC 2025 Unisoc-3/Xilinx ZYNQ7020 ML-KEM/Source/Alg13_K_PKE_KeyGen.v} {D:/ICIC 2025 Unisoc-3/Xilinx ZYNQ7020 ML-KEM/Source/Alg12_BaseCaseMultiply.v} {D:/ICIC 2025 Unisoc-3/Xilinx ZYNQ7020 ML-KEM/Source/Alg11_MultiplyNTTs.v} {D:/ICIC 2025 Unisoc-3/Xilinx ZYNQ7020 ML-KEM/Source/Alg10_InvNTT.v}}
close [ open {D:/ICIC 2025 Unisoc-3/Xilinx ZYNQ7020 ML-KEM/Project/Xilinx ZYNQ7020 ML-KEM.srcs/sources_1/new/Alg0_ML_KEM.v} w ]
add_files {{D:/ICIC 2025 Unisoc-3/Xilinx ZYNQ7020 ML-KEM/Project/Xilinx ZYNQ7020 ML-KEM.srcs/sources_1/new/Alg0_ML_KEM.v}}
set_property top Alg0_ML_KEM [current_fileset]
export_ip_user_files -of_objects  [get_files {{D:/ICIC 2025 Unisoc-3/Xilinx ZYNQ7020 ML-KEM/Source/Alg0_ML_KEM.v}}] -no_script -reset -force -quiet
remove_files  {{D:/ICIC 2025 Unisoc-3/Xilinx ZYNQ7020 ML-KEM/Source/Alg0_ML_KEM.v}}
remove_files  {{D:/ICIC 2025 Unisoc-3/Xilinx ZYNQ7020 ML-KEM/Source/Alg0_ML_KEM.v}}
WARNING: [Vivado 12-818] No files matched 'D:/ICIC 2025 Unisoc-3/Xilinx ZYNQ7020 ML-KEM/Source/Alg0_ML_KEM.v'
file mkdir D:/ICIC 2025 Unisoc-3/Xilinx ZYNQ7020 ML-KEM/Project/Xilinx ZYNQ7020 ML-KEM.srcs/sim_1/new
file mkdir D:/ICIC 2025 Unisoc-3/Xilinx ZYNQ7020 ML-KEM/Project/Xilinx ZYNQ7020 ML-KEM.srcs/sim_1/new
file mkdir D:/ICIC 2025 Unisoc-3/Xilinx ZYNQ7020 ML-KEM/Project/Xilinx ZYNQ7020 ML-KEM.srcs/sim_1/new
file mkdir D:/ICIC 2025 Unisoc-3/Xilinx ZYNQ7020 ML-KEM/Project/Xilinx ZYNQ7020 ML-KEM.srcs/sim_1/new
file mkdir D:/ICIC 2025 Unisoc-3/Xilinx ZYNQ7020 ML-KEM/Project/Xilinx ZYNQ7020 ML-KEM.srcs/sim_1/new
set_property SOURCE_SET {} [get_filesets sim_1]
file mkdir D:/ICIC 2025 Unisoc-3/Xilinx ZYNQ7020 ML-KEM/Project/Xilinx ZYNQ7020 ML-KEM.srcs/sim_1/new
file mkdir {D:/ICIC 2025 Unisoc-3/Xilinx ZYNQ7020 ML-KEM/Project/Xilinx ZYNQ7020 ML-KEM.srcs/sim_1/new}
close [ open {D:/ICIC 2025 Unisoc-3/Xilinx ZYNQ7020 ML-KEM/Project/Xilinx ZYNQ7020 ML-KEM.srcs/sim_1/new/SimTB_Alg0_ML_KEM.v} w ]
add_files -fileset sim_1 {{D:/ICIC 2025 Unisoc-3/Xilinx ZYNQ7020 ML-KEM/Project/Xilinx ZYNQ7020 ML-KEM.srcs/sim_1/new/SimTB_Alg0_ML_KEM.v}}
set_property SOURCE_SET {} [get_filesets sim_1]
add_files -fileset sim_1 -norecurse {{D:/ICIC 2025 Unisoc-3/Xilinx ZYNQ7020 ML-KEM/Project/Xilinx ZYNQ7020 ML-KEM.srcs/sim_1/new/SimTB_Alg13_K_PKE_KeyGen.v} {D:/ICIC 2025 Unisoc-3/Xilinx ZYNQ7020 ML-KEM/Project/Xilinx ZYNQ7020 ML-KEM.srcs/sim_1/new/SimTB_Alg14_K_PKE_Encrypt.v} {D:/ICIC 2025 Unisoc-3/Xilinx ZYNQ7020 ML-KEM/Project/Xilinx ZYNQ7020 ML-KEM.srcs/sim_1/new/SimTB_Alg1_ForExample.v} {D:/ICIC 2025 Unisoc-3/Xilinx ZYNQ7020 ML-KEM/Project/Xilinx ZYNQ7020 ML-KEM.srcs/sim_1/new/SimTB_Alg4_BytesToBits.v} {D:/ICIC 2025 Unisoc-3/Xilinx ZYNQ7020 ML-KEM/Project/Xilinx ZYNQ7020 ML-KEM.srcs/sim_1/new/SimTB_Alg6_ByteDecode.v} {D:/ICIC 2025 Unisoc-3/Xilinx ZYNQ7020 ML-KEM/Project/Xilinx ZYNQ7020 ML-KEM.srcs/sim_1/new/SimTB_Alg7_SampleNTT.v} {D:/ICIC 2025 Unisoc-3/Xilinx ZYNQ7020 ML-KEM/Project/Xilinx ZYNQ7020 ML-KEM.srcs/sim_1/new/SimTB_Alg2_SHAKE123example.v} {D:/ICIC 2025 Unisoc-3/Xilinx ZYNQ7020 ML-KEM/Project/Xilinx ZYNQ7020 ML-KEM.srcs/sim_1/new/SimTB_Alg17_ML_KEM_Encaps_internal.v} {D:/ICIC 2025 Unisoc-3/Xilinx ZYNQ7020 ML-KEM/Project/Xilinx ZYNQ7020 ML-KEM.srcs/sim_1/new/SimTB_Alg18_ML_KEM_Decaps_internal.v} {D:/ICIC 2025 Unisoc-3/Xilinx ZYNQ7020 ML-KEM/Project/Xilinx ZYNQ7020 ML-KEM.srcs/sim_1/new/SimTB_Alg12_BaseCaseMultiply.v} {D:/ICIC 2025 Unisoc-3/Xilinx ZYNQ7020 ML-KEM/Project/Xilinx ZYNQ7020 ML-KEM.srcs/sim_1/new/SimTB_Alg21_ML_KEM_Decaps.v} {D:/ICIC 2025 Unisoc-3/Xilinx ZYNQ7020 ML-KEM/Project/Xilinx ZYNQ7020 ML-KEM.srcs/sim_1/new/SimTB_Alg10_InvNTT.v} {D:/ICIC 2025 Unisoc-3/Xilinx ZYNQ7020 ML-KEM/Project/Xilinx ZYNQ7020 ML-KEM.srcs/sim_1/new/SimTB_Alg19_ML_KEM_KeyGen.v} {D:/ICIC 2025 Unisoc-3/Xilinx ZYNQ7020 ML-KEM/Project/Xilinx ZYNQ7020 ML-KEM.srcs/sim_1/new/SimTB_Alg20_ML_KEM_Encaps.v} {D:/ICIC 2025 Unisoc-3/Xilinx ZYNQ7020 ML-KEM/Project/Xilinx ZYNQ7020 ML-KEM.srcs/sim_1/new/SimTB_Alg15_K_PKE_Decrypt.v} {D:/ICIC 2025 Unisoc-3/Xilinx ZYNQ7020 ML-KEM/Project/Xilinx ZYNQ7020 ML-KEM.srcs/sim_1/new/SimTB_Alg9_NTT.v} {D:/ICIC 2025 Unisoc-3/Xilinx ZYNQ7020 ML-KEM/Project/Xilinx ZYNQ7020 ML-KEM.srcs/sim_1/new/SimTB_Alg5_ByteEncode.v} {D:/ICIC 2025 Unisoc-3/Xilinx ZYNQ7020 ML-KEM/Project/Xilinx ZYNQ7020 ML-KEM.srcs/sim_1/new/SimTB_Alg3_BitsToBytes.v} {D:/ICIC 2025 Unisoc-3/Xilinx ZYNQ7020 ML-KEM/Project/Xilinx ZYNQ7020 ML-KEM.srcs/sim_1/new/SimTB_Alg11_MultiplyNTTs.v} {D:/ICIC 2025 Unisoc-3/Xilinx ZYNQ7020 ML-KEM/Project/Xilinx ZYNQ7020 ML-KEM.srcs/sim_1/new/SimTB_Alg16_ML_KEM_KeyGen_internal.v} {D:/ICIC 2025 Unisoc-3/Xilinx ZYNQ7020 ML-KEM/Project/Xilinx ZYNQ7020 ML-KEM.srcs/sim_1/new/SimTB_Alg8_SamplePolyCBD.v}}
exit
INFO: [Common 17-206] Exiting Vivado at Sat Mar 22 17:15:00 2025...
